        -:    0:Source:driver.c
        -:    0:Programs:6
        -:    1:#include "driver.h"
        -:    2:#include <stdint.h>
        -:    3:#include <stdio.h>
        -:    4:#include "test.h"
function Delay called 0 returned 0% blocks executed 0%
    #####:    5:void Delay(int nCount)
    $$$$$:    5-block  0
        -:    6:{
    #####:    7:	for(; nCount != 0; nCount--);
    $$$$$:    7-block  0
    $$$$$:    7-block  1
    $$$$$:    7-block  2
branch  0 never executed
branch  1 never executed
    #####:    8:}
        -:    9:
function getPressureVal called 1 returned 100% blocks executed 100%
        1:   10:int getPressureVal(){
        1:   10-block  0
        -:   11:	//return (GPIOA_IDR & 0xFF);
        1:   12:	return Test_get_pressure();
        1:   12-block  0
call    0 returned 1
        -:   13:}
        -:   14:
function Set_Alarm_actuator called 1 returned 0% blocks executed 100%
        1:   15:void Set_Alarm_actuator(int i){
        1:   15-block  0
        -:   16:	/*if (i == 1){
        -:   17:		SET_BIT(GPIOA_ODR,13);
        -:   18:	}
        -:   19:	else if (i == 0){
        -:   20:		RESET_BIT(GPIOA_ODR,13);
        -:   21:	}*/
        -:   22:   
        1:   23:   Test_set_Alarm(i);
        1:   23-block  0
call    0 returned 0
    #####:   24:}
        -:   25:
function GPIO_INITIALIZATION called 1 returned 100% blocks executed 100%
        1:   26:void GPIO_INITIALIZATION (){
        1:   26-block  0
        -:   27:	/*SET_BIT(APB2ENR, 2);
        -:   28:	GPIOA_CRL &= 0xFF0FFFFF;
        -:   29:	GPIOA_CRL |= 0x00000000;
        -:   30:	GPIOA_CRH &= 0xFF0FFFFF;
        -:   31:	GPIOA_CRH |= 0x22222222;*/
        1:   32:}
