        -:    0:Source:main.c
        -:    0:Graph:main.gcno
        -:    0:Data:main.gcda
        -:    0:Runs:1
        -:    0:Programs:1
        -:    1:#include <stdio.h>
        -:    2:
function myprint called 1 returned 100% blocks executed 100%
        1:    3:void myprint()
        1:    3-block  0
        -:    4:{
        1:    5:	printf("Yes\n");
        1:    5-block  0
call    0 returned 1
        1:    6:}
        -:    7:
function main called 1 returned 100% blocks executed 75%
        1:    8:void main()
        1:    8-block  0
        -:    9:{
        1:   10:	int i =3;
        -:   11:
        1:   12:	if(i<4)
        1:   12-block  0
branch  0 taken 1 (fallthrough)
branch  1 taken 0
        1:   13:	myprint();
        1:   13-block  0
call    0 returned 1
        -:   14:	
        -:   15:	else 
    #####:   16:	printf("NO");
    $$$$$:   16-block  0
call    0 never executed
        1:   17:}
