        -:    0:Source:Alarm_monitor.c
        -:    0:Programs:6
        -:    1:
        -:    2:
        -:    3:#include "Alarm_monitor.h"
        -:    4://modules variables
        -:    5:int alarm_time = 60 ;
        -:    6:
function high_pressure_detected called 0 returned 0% blocks executed 0%
    #####:    7: void high_pressure_detected()
    $$$$$:    7-block  0
        -:    8: {
    #####:    9:    AM_state = STATE(alarm_on);
    #####:   10: }
        -:   11:
function ST_alarm_of called 1 returned 0% blocks executed 100%
        1:   12:STATE_define(alarm_of)
        1:   12-block  0
        -:   13:{
        1:   14:    AM_state_id = alarm_of ;
        -:   15:
        1:   16:     stop_alarm();
        1:   16-block  0
call    0 returned 0
        -:   17:
    #####:   18:}
function ST_alarm_on called 0 returned 0% blocks executed 0%
    #####:   19:STATE_define(alarm_on)
    $$$$$:   19-block  0
        -:   20:{
    #####:   21:    AM_state_id = alarm_on ;
        -:   22:
    #####:   23:    start_alarm();
    $$$$$:   23-block  0
call    0 never executed
        -:   24:
    #####:   25:    AM_state = STATE(waiting);
    #####:   26:}
function ST_waiting called 0 returned 0% blocks executed 0%
    #####:   27:STATE_define(waiting)
    $$$$$:   27-block  0
        -:   28:{
    #####:   29:    Delay(alarm_time);
    $$$$$:   29-block  0
call    0 never executed
        -:   30:
    #####:   31:    AM_state = STATE(waiting);
        -:   32:
    #####:   33:    stop_alarm();
call    0 never executed
        -:   34:
    #####:   35:    AM_state = STATE(alarm_of);
    #####:   36:}
